<?xml version="1.0" encoding="UTF-8"?>
<!-- Generated by org.testng.reporters.JUnitXMLReporter -->
<testsuite ignored="2" hostname="ADMIN" failures="0" tests="1" name="Home Loan" time="0.027" errors="0" timestamp="2022-08-25T01:35:28 IST">
  <testcase classname="com.TestNG.Group.Home_loan" name="MobileLoginHomeLoan" time="0.014"/>
  <testcase classname="com.TestNG.Group.Home_loan" name="WebLoginHomeLoan" time="0.0">
    <ignored/>
  </testcase> <!-- WebLoginHomeLoan -->
  <testcase classname="com.TestNG.Group.Home_loan" name="APILoginHomeLoan" time="0.0">
    <ignored/>
  </testcase> <!-- APILoginHomeLoan -->
</testsuite> <!-- Home Loan -->
