<?xml version="1.0" encoding="UTF-8"?>
<!-- Generated by org.testng.reporters.JUnitXMLReporter -->
<testsuite ignored="2" hostname="ADMIN" failures="0" tests="1" name="Personal Loan" time="0.589" errors="0" timestamp="2022-08-25T01:35:28 IST">
  <testcase classname="com.TestNG.Group.Personal_loan" name="WebLoginPersonalLoan" time="0.099"/>
  <testcase classname="com.TestNG.Group.Personal_loan" name="MobileLoginPersonalLoan" time="0.0">
    <ignored/>
  </testcase> <!-- MobileLoginPersonalLoan -->
  <testcase classname="com.TestNG.Group.Personal_loan" name="APILoginPersonalLoan" time="0.0">
    <ignored/>
  </testcase> <!-- APILoginPersonalLoan -->
</testsuite> <!-- Personal Loan -->
