<?xml version="1.0" encoding="UTF-8"?>
<testng-results ignored="0" total="3" passed="3" failed="0" skipped="0">
  <reporter-output>
  </reporter-output>
  <suite started-at="2022-08-25T09:10:09 IST" name="Suite" finished-at="2022-08-25T09:12:17 IST" duration-ms="128095">
    <groups>
    </groups>
    <test started-at="2022-08-25T09:10:09 IST" name="TestOnChrome" finished-at="2022-08-25T09:11:04 IST" duration-ms="55530">
      <class name="CrossBrowserTesting.CrossBrowserTestingDemo">
        <test-method is-config="true" signature="LauchBrowser(java.lang.String)[pri:0, instance:CrossBrowserTesting.CrossBrowserTestingDemo@51abf713]" started-at="2022-08-25T09:10:11 IST" name="LauchBrowser" finished-at="2022-08-25T09:10:30 IST" duration-ms="19632" status="PASS">
          <params>
            <param index="0">
              <value>
                <![CDATA[chrome]]>
              </value>
            </param>
          </params>
          <reporter-output>
          </reporter-output>
        </test-method> <!-- LauchBrowser -->
        <test-method signature="verifyTitel()[pri:0, instance:CrossBrowserTesting.CrossBrowserTestingDemo@51abf713]" started-at="2022-08-25T09:10:30 IST" name="verifyTitel" finished-at="2022-08-25T09:11:04 IST" duration-ms="34024" status="PASS">
          <reporter-output>
          </reporter-output>
        </test-method> <!-- verifyTitel -->
      </class> <!-- CrossBrowserTesting.CrossBrowserTestingDemo -->
    </test> <!-- TestOnChrome -->
    <test started-at="2022-08-25T09:10:09 IST" name="TestOneMsedge" finished-at="2022-08-25T09:11:37 IST" duration-ms="88192">
      <class name="CrossBrowserTesting.CrossBrowserTestingDemo">
        <test-method is-config="true" signature="LauchBrowser(java.lang.String)[pri:0, instance:CrossBrowserTesting.CrossBrowserTestingDemo@15f193b8]" started-at="2022-08-25T09:10:11 IST" name="LauchBrowser" finished-at="2022-08-25T09:11:16 IST" duration-ms="65037" status="PASS">
          <params>
            <param index="0">
              <value>
                <![CDATA[msedge]]>
              </value>
            </param>
          </params>
          <reporter-output>
          </reporter-output>
        </test-method> <!-- LauchBrowser -->
        <test-method signature="verifyTitel()[pri:0, instance:CrossBrowserTesting.CrossBrowserTestingDemo@15f193b8]" started-at="2022-08-25T09:11:16 IST" name="verifyTitel" finished-at="2022-08-25T09:11:37 IST" duration-ms="21471" status="PASS">
          <reporter-output>
          </reporter-output>
        </test-method> <!-- verifyTitel -->
      </class> <!-- CrossBrowserTesting.CrossBrowserTestingDemo -->
    </test> <!-- TestOneMsedge -->
    <test started-at="2022-08-25T09:10:09 IST" name="TestOnFirefox" finished-at="2022-08-25T09:12:17 IST" duration-ms="127678">
      <class name="CrossBrowserTesting.CrossBrowserTestingDemo">
        <test-method is-config="true" signature="LauchBrowser(java.lang.String)[pri:0, instance:CrossBrowserTesting.CrossBrowserTestingDemo@1da6ee17]" started-at="2022-08-25T09:10:11 IST" name="LauchBrowser" finished-at="2022-08-25T09:11:56 IST" duration-ms="105600" status="PASS">
          <params>
            <param index="0">
              <value>
                <![CDATA[firefox]]>
              </value>
            </param>
          </params>
          <reporter-output>
          </reporter-output>
        </test-method> <!-- LauchBrowser -->
        <test-method signature="verifyTitel()[pri:0, instance:CrossBrowserTesting.CrossBrowserTestingDemo@1da6ee17]" started-at="2022-08-25T09:11:56 IST" name="verifyTitel" finished-at="2022-08-25T09:12:17 IST" duration-ms="20674" status="PASS">
          <reporter-output>
          </reporter-output>
        </test-method> <!-- verifyTitel -->
      </class> <!-- CrossBrowserTesting.CrossBrowserTestingDemo -->
    </test> <!-- TestOnFirefox -->
  </suite> <!-- Suite -->
</testng-results>
